Change Component Designator: OldDesignator=+D3- NewDesignator=D3
Change Component Designator: OldDesignator=+D4- NewDesignator=D4
Change Component Designator: OldDesignator=+D5- NewDesignator=D5
Change Component Designator: OldDesignator=+D6- NewDesignator=D6
Change Component Designator: OldDesignator=+D7- NewDesignator=D7
Change Component Designator: OldDesignator=+D9- NewDesignator=D9
Change Component Designator: OldDesignator= NewDesignator=P1
Change Component Designator: OldDesignator= NewDesignator=R1
Change Component Designator: OldDesignator=ACCEL NewDesignator=P6
Change Component Designator: OldDesignator=ANALOG IN NewDesignator=P9
Change Component Designator: OldDesignator=HUM NewDesignator=P3
Change Component Designator: OldDesignator=OPENLOG NewDesignator=P5
Change Component Designator: OldDesignator=POWER NewDesignator=P8
Change Component Designator: OldDesignator=PRES NewDesignator=P2
Added Member To Class: ClassName=Schematic_Balloon_Shield Member=Component D3 LED1
Added Member To Class: ClassName=Schematic_Balloon_Shield Member=Component D4 LED1
Added Member To Class: ClassName=Schematic_Balloon_Shield Member=Component D5 LED1
Added Member To Class: ClassName=Schematic_Balloon_Shield Member=Component D6 LED1
Added Member To Class: ClassName=Schematic_Balloon_Shield Member=Component D7 LED1
Added Member To Class: ClassName=Schematic_Balloon_Shield Member=Component D9 LED1
Added Member To Class: ClassName=Schematic_Balloon_Shield Member=Component P1 Header 8
Added Member To Class: ClassName=Schematic_Balloon_Shield Member=Component P2 Header 4
Added Member To Class: ClassName=Schematic_Balloon_Shield Member=Component R1 
Added Room: Name=Schematic_Balloon_Shield
