Change Component Designator: OldDesignator=D3 NewDesignator=+D3-
Change Component Designator: OldDesignator=D4 NewDesignator=+D4-
Change Component Designator: OldDesignator=D5 NewDesignator=+D5-
Change Component Designator: OldDesignator=D6 NewDesignator=+D6-
Change Component Designator: OldDesignator=D7 NewDesignator=+D7-
Change Component Designator: OldDesignator=D9 NewDesignator=+D9-
Change Component Designator: OldDesignator=P2 NewDesignator=PRES
Change Component Designator: OldDesignator=P3 NewDesignator=HUM
Change Component Designator: OldDesignator=P4 NewDesignator=TEMP2
Change Component Designator: OldDesignator=P5 NewDesignator=OPENLOG
Change Component Designator: OldDesignator=P6 NewDesignator=ACCEL
Change Component Designator: OldDesignator=P7 NewDesignator=TEMP1
Change Component Designator: OldDesignator=P8 NewDesignator=POWER
Change Component Designator: OldDesignator=P9 NewDesignator=ANALOG IN
Change Net Name : Old Net Name=NetD3_1 New Net Name=Net+D3-_1
Change Net Name : Old Net Name=NetD4_1 New Net Name=Net+D4-_1
Change Net Name : Old Net Name=NetD5_1 New Net Name=Net+D5-_1
Change Net Name : Old Net Name=NetD6_1 New Net Name=Net+D6-_1
Change Net Name : Old Net Name=NetD7_1 New Net Name=Net+D7-_1
Change Net Name : Old Net Name=NetD9_1 New Net Name=Net+D9-_1
Change Net Name : Old Net Name=NetP1_7 New Net Name=NetOPENLOG_5
Change Net Name : Old Net Name=NetP2_3 New Net Name=NetANALOG IN_4
Change Net Name : Old Net Name=NetP3_2 New Net Name=NetANALOG IN_3
Change Net Name : Old Net Name=NetP4_2 New Net Name=NetANALOG IN_2
Change Net Name : Old Net Name=NetP5_3 New Net Name=NetACCEL_6
Change Net Name : Old Net Name=NetP6_2 New Net Name=NetACCEL_2
Change Net Name : Old Net Name=NetP6_4 New Net Name=NetACCEL_4
Change Net Name : Old Net Name=NetP7_2 New Net Name=NetANALOG IN_1
Added Member To Class: ClassName=Schematic_Balloon_Shield Member=Component +D9- LED1
Added Member To Class: ClassName=Schematic_Balloon_Shield Member=Component P1 eader 8
Added Member To Class: ClassName=Schematic_Balloon_Shield Member=Component PRES Header 4
