Removed Pin From Net: NetName=NetAD620_8 Pin=ANALOG IN-1
Removed Pin From Net: NetName=NetAD620_2 Pin=G1-2
Removed Pin From Net: NetName=NetAD620_3 Pin=PRES 1-3
Removed Pin From Net: NetName=NetAD620_5 Pin=PRES 1-4
Added Component: Designator=AD620(DIP-8)
Add component. Clean all parameters for all variants
Add component (AddParameter): Name = "LatestRevisionDate"; Value = "17-Jul-2002"; VariantName = "[No Variations]"
Add component (AddParameter): Name = "LatestRevisionNote"; Value = "Re-released for DXP Platform."; VariantName = "[No Variations]"
Add component (AddParameter): Name = "PackageReference"; Value = "DIP-8"; VariantName = "[No Variations]"
Add component (AddParameter): Name = "Published"; Value = "24-Mar-1999"; VariantName = "[No Variations]"
Add component (AddParameter): Name = "Publisher"; Value = "Altium Limited"; VariantName = "[No Variations]"
Added Component: Designator=AD620(HDR2X4)
Add component. Clean all parameters for all variants
Add component (AddParameter): Name = "LatestRevisionDate"; Value = "17-Jul-2002"; VariantName = "[No Variations]"
Add component (AddParameter): Name = "LatestRevisionNote"; Value = "Re-released for DXP Platform."; VariantName = "[No Variations]"
Add component (AddParameter): Name = "Publisher"; Value = "Altium Limited"; VariantName = "[No Variations]"
Added Pin To Net: NetName=NetAD620_1 Pin=AD620-1
Added Pin To Net: NetName=NetAD620_2 Pin=AD620-2
Added Pin To Net: NetName=NetAD620_3 Pin=AD620-3
Added Pin To Net: NetName=NetAD620_4 Pin=AD620-4
Added Pin To Net: NetName=NetAD620_5 Pin=AD620-5
Added Pin To Net: NetName=GND Pin=AD620-6
Added Pin To Net: NetName=GND Pin=AD620-6
Added Pin To Net: NetName=NetAD620_4 Pin=AD620-7
Added Pin To Net: NetName=NetAD620_8 Pin=AD620-8
Added Pin To Net: NetName=NetAD620_5 Pin=ANALOG IN-1
Added Pin To Net: NetName=NetAD620_8 Pin=ANALOG IN-2
Added Pin To Net: NetName=NetAD620_2 Pin=PRES 1-3
Added Pin To Net: NetName=NetAD620_3 Pin=PRES 1-4
Added Member To Class: ClassName=Schematic_Rocket_Shield Member=Component AD620 SW-DIP4
Added Member To Class: ClassName=Schematic_Rocket_Shield Member=Component AD620 Header 4X2
Added Member To Class: ClassName=Schematic_Rocket_Shield Member=Component P1 eader 8
