Removed Pin From Net: NetName=NetLoad Cell 2_3 Pin=P1-3
Added Component: Designator=Display(HDR1X5)
Add component. Clean all parameters for all variants
Add component (AddParameter): Name = "LatestRevisionDate"; Value = "17-Jul-2002"; VariantName = "[No Variations]"
Add component (AddParameter): Name = "LatestRevisionNote"; Value = "Re-released for DXP Platform."; VariantName = "[No Variations]"
Add component (AddParameter): Name = "Publisher"; Value = "Altium Limited"; VariantName = "[No Variations]"
Added Pin To Net: NetName=GND Pin=Display-4
Added Pin To Net: NetName=5V Pin=Display-5
Added Pin To Net: NetName=NetLoad Cell 2_3 Pin=P1-8
Added Pin To Net: NetName=NetDisplay_1 Pin=Display-1
Added Pin To Net: NetName=NetDisplay_1 Pin=P1-3
Added Net: Name=NetDisplay_1
Added Pin To Net: NetName=NetDisplay_2 Pin=Display-2
Added Pin To Net: NetName=NetDisplay_2 Pin=P1-6
Added Net: Name=NetDisplay_2
Added Pin To Net: NetName=NetDisplay_3 Pin=Display-3
Added Pin To Net: NetName=NetDisplay_3 Pin=P1-5
Added Net: Name=NetDisplay_3
Added Member To Class: ClassName=Schematic_Rocket_Shield Member=Component Display LED Display
Added Member To Class: ClassName=Schematic_Rocket_Shield Member=Component P1 eader 8
