Change Component Designator: OldDesignator=AD620 NewDesignator=AD620_2
Change Net Name : Old Net Name=NetAD620_1 New Net Name=NetAD620_2_1
Change Net Name : Old Net Name=NetAD620_8 New Net Name=NetAD620_2_8
Added Pin To Net: NetName=NetAD620_1 Pin=AD620-1
Added Pin To Net: NetName=NetAD620_1 Pin=G1-1
Added Net: Name=NetAD620_1
Added Pin To Net: NetName=NetAD620_2_2 Pin=AD620_2-2
Added Pin To Net: NetName=NetAD620_2_2 Pin=PRES 2-3
Added Net: Name=NetAD620_2_2
Added Pin To Net: NetName=NetAD620_2_3 Pin=AD620_2-3
Added Pin To Net: NetName=NetAD620_2_3 Pin=PRES 2-4
Added Net: Name=NetAD620_2_3
Added Pin To Net: NetName=NetAD620_2_5 Pin=AD620_2-5
Added Pin To Net: NetName=NetAD620_2_5 Pin=ANALOG IN-2
Added Net: Name=NetAD620_2_5
Added Pin To Net: NetName=NetAD620_8 Pin=AD620-8
Added Pin To Net: NetName=NetAD620_8 Pin=G1-2
Added Net: Name=NetAD620_8
Added Member To Class: ClassName=Schematic_Rocket_Shield Member=Component AD620_2 SW-DIP4
Added Member To Class: ClassName=Schematic_Rocket_Shield Member=Component P1 eader 8
